<?xml version="1.0" encoding="UTF-8"?>
<!-- Generated by org.testng.reporters.JUnitXMLReporter -->
<testsuite ignored="0" hostname="LAPTOP-LL5CK3S2" failures="1" tests="1" name="Test1" time="33.385" errors="0" timestamp="2024-11-07T10:19:12 IST">
  <testcase classname="TC_Repo.TC_004" name="Tc_004" time="11.963">
    <failure type="java.lang.NullPointerException" message="Cannot invoke &amp;quot;org.apache.poi.ss.usermodel.Sheet.getRow(int)&amp;quot; because the return value of &amp;quot;org.apache.poi.ss.usermodel.Workbook.getSheet(String)&amp;quot; is null">
      <![CDATA[java.lang.NullPointerException: Cannot invoke "org.apache.poi.ss.usermodel.Sheet.getRow(int)" because the return value of "org.apache.poi.ss.usermodel.Workbook.getSheet(String)" is null
at GenericUtilitity.ExcelUtility.getDataFromExcel(ExcelUtility.java:25)
at TC_Repo.TC_004.Tc_004(TC_004.java:18)
at java.base/java.util.ArrayList.forEach(ArrayList.java:1597)
at java.base/java.util.concurrent.FutureTask.run(FutureTask.java:317)
at java.base/java.util.concurrent.ThreadPoolExecutor.runWorker(ThreadPoolExecutor.java:1144)
at java.base/java.util.concurrent.ThreadPoolExecutor$Worker.run(ThreadPoolExecutor.java:642)
at java.base/java.lang.Thread.run(Thread.java:1570)
... Removed 16 stack frames]]>
    </failure>
  </testcase> <!-- Tc_004 -->
</testsuite> <!-- Test1 -->
